<?xml version="1.0" encoding="UTF-8"?>
<testsuite name="SearchSoftAssertionsTests" tests="1" skipped="0" failures="0" errors="0" timestamp="2023-05-18T12:06:20" hostname="DESKTOP-C42F7KN" time="10.527">
  <properties/>
  <testcase name="shouldFindJUnit5ExampleText()" classname="SearchSoftAssertionsTests" time="10.527"/>
  <system-out><![CDATA[]]></system-out>
  <system-err><![CDATA[SLF4J: No SLF4J providers were found.
SLF4J: Defaulting to no-operation (NOP) logger implementation
SLF4J: See https://www.slf4j.org/codes.html#noProviders for further details.
Starting ChromeDriver 113.0.5672.63 (0e1a4471d5ae5bf128b1bd8f4d627c8cbd55f70c-refs/branch-heads/5672@{#912}) on port 43903
Only local connections are allowed.
Please see https://chromedriver.chromium.org/security-considerations for suggestions on keeping ChromeDriver safe.
ChromeDriver was started successfully.
мая 18, 2023 3:06:22 PM org.openqa.selenium.devtools.CdpVersionFinder findNearestMatch
WARNING: Unable to find an exact match for CDP version 113, so returning the closest version found: 110
]]></system-err>
</testsuite>
